[2021-11-14 17:41:51] local.ERROR: SQLSTATE[23000]: Integrity constraint violation: 1452 Cannot add or update a child row: a foreign key constraint fails (`zholvar`.`parcels`, CONSTRAINT `parcels_packagerecepient_id_foreign` FOREIGN KEY (`packagerecepient_id`) REFERENCES `package_recepients` (`id`) ON UPDATE CASCADE) (SQL: insert into `parcels` (`num`, `phone`, `email`, `name`, `last_name`, `weight`, `insurance`, `packagerecepient_id`, `status`, `barcode`, `user_id`, `parcelsender_id`, `updated_at`, `created_at`) values (007, +420732199777, tanatar7.sro@seznam.cz, Ermek7, Newidea spol.r.o., 7, 7000, 0, pending_reception, P000000015, 42, 1, 2021-11-14 17:41:51, 2021-11-14 17:41:51)) {"userId":42,"exception":"[object] (Illuminate\\Database\\QueryException(code: 23000): SQLSTATE[23000]: Integrity constraint violation: 1452 Cannot add or update a child row: a foreign key constraint fails (`zholvar`.`parcels`, CONSTRAINT `parcels_packagerecepient_id_foreign` FOREIGN KEY (`packagerecepient_id`) REFERENCES `package_recepients` (`id`) ON UPDATE CASCADE) (SQL: insert into `parcels` (`num`, `phone`, `email`, `name`, `last_name`, `weight`, `insurance`, `packagerecepient_id`, `status`, `barcode`, `user_id`, `parcelsender_id`, `updated_at`, `created_at`) values (007, +420732199777, tanatar7.sro@seznam.cz, Ermek7, Newidea spol.r.o., 7, 7000, 0, pending_reception, P000000015, 42, 1, 2021-11-14 17:41:51, 2021-11-14 17:41:51)) at D:\\OpenServer\\domains\\zholvar\\vendor\\laravel\\framework\\src\\Illuminate\\Database\\Connection.php:703)
[stacktrace]
#0 D:\\OpenServer\\domains\\zholvar\\vendor\\laravel\\framework\\src\\Illuminate\\Database\\Connection.php(663): Illuminate\\Database\\Connection->runQueryCallback('insert into `pa...', Array, Object(Closure))
#1 D:\\OpenServer\\domains\\zholvar\\vendor\\laravel\\framework\\src\\Illuminate\\Database\\Connection.php(493): Illuminate\\Database\\Connection->run('insert into `pa...', Array, Object(Closure))
#2 D:\\OpenServer\\domains\\zholvar\\vendor\\laravel\\framework\\src\\Illuminate\\Database\\Connection.php(445): Illuminate\\Database\\Connection->statement('insert into `pa...', Array)
#3 D:\\OpenServer\\domains\\zholvar\\vendor\\laravel\\framework\\src\\Illuminate\\Database\\Query\\Processors\\Processor.php(32): Illuminate\\Database\\Connection->insert('insert into `pa...', Array)
#4 D:\\OpenServer\\domains\\zholvar\\vendor\\laravel\\framework\\src\\Illuminate\\Database\\Query\\Builder.php(2965): Illuminate\\Database\\Query\\Processors\\Processor->processInsertGetId(Object(Illuminate\\Database\\Query\\Builder), 'insert into `pa...', Array, 'id')
#5 D:\\OpenServer\\domains\\zholvar\\vendor\\laravel\\framework\\src\\Illuminate\\Database\\Eloquent\\Builder.php(1641): Illuminate\\Database\\Query\\Builder->insertGetId(Array, 'id')
#6 D:\\OpenServer\\domains\\zholvar\\vendor\\laravel\\framework\\src\\Illuminate\\Database\\Eloquent\\Model.php(1188): Illuminate\\Database\\Eloquent\\Builder->__call('insertGetId', Array)
#7 D:\\OpenServer\\domains\\zholvar\\vendor\\laravel\\framework\\src\\Illuminate\\Database\\Eloquent\\Model.php(1153): Illuminate\\Database\\Eloquent\\Model->insertAndSetId(Object(Illuminate\\Database\\Eloquent\\Builder), Array)
#8 D:\\OpenServer\\domains\\zholvar\\vendor\\laravel\\framework\\src\\Illuminate\\Database\\Eloquent\\Model.php(994): Illuminate\\Database\\Eloquent\\Model->performInsert(Object(Illuminate\\Database\\Eloquent\\Builder))
#9 D:\\OpenServer\\domains\\zholvar\\vendor\\laravel\\framework\\src\\Illuminate\\Database\\Eloquent\\Builder.php(884): Illuminate\\Database\\Eloquent\\Model->save()
#10 D:\\OpenServer\\domains\\zholvar\\vendor\\laravel\\framework\\src\\Illuminate\\Support\\helpers.php(263): Illuminate\\Database\\Eloquent\\Builder->Illuminate\\Database\\Eloquent\\{closure}(Object(App\\Models\\Parcels\\Parcel))
#11 D:\\OpenServer\\domains\\zholvar\\vendor\\laravel\\framework\\src\\Illuminate\\Database\\Eloquent\\Builder.php(885): tap(Object(App\\Models\\Parcels\\Parcel), Object(Closure))
#12 D:\\OpenServer\\domains\\zholvar\\vendor\\laravel\\framework\\src\\Illuminate\\Support\\Traits\\ForwardsCalls.php(23): Illuminate\\Database\\Eloquent\\Builder->create(Array)
#13 D:\\OpenServer\\domains\\zholvar\\vendor\\laravel\\framework\\src\\Illuminate\\Database\\Eloquent\\Model.php(2117): Illuminate\\Database\\Eloquent\\Model->forwardCallTo(Object(Illuminate\\Database\\Eloquent\\Builder), 'create', Array)
#14 D:\\OpenServer\\domains\\zholvar\\vendor\\laravel\\framework\\src\\Illuminate\\Database\\Eloquent\\Model.php(2129): Illuminate\\Database\\Eloquent\\Model->__call('create', Array)
#15 D:\\OpenServer\\domains\\zholvar\\app\\Orchid\\Screens\\Parcels\\ParcelListScreen.php(141): Illuminate\\Database\\Eloquent\\Model::__callStatic('create', Array)
#16 [internal function]: App\\Orchid\\Screens\\Parcels\\ParcelListScreen->create(Object(Illuminate\\Http\\Request))
#17 D:\\OpenServer\\domains\\zholvar\\vendor\\orchid\\platform\\src\\Screen\\Screen.php(310): call_user_func_array(Array, Array)
#18 D:\\OpenServer\\domains\\zholvar\\vendor\\orchid\\platform\\src\\Screen\\Screen.php(178): Orchid\\Screen\\Screen->callMethod('create', Array)
#19 D:\\OpenServer\\domains\\zholvar\\vendor\\laravel\\framework\\src\\Illuminate\\Routing\\Controller.php(54): Orchid\\Screen\\Screen->handle('create')
#20 D:\\OpenServer\\domains\\zholvar\\vendor\\laravel\\framework\\src\\Illuminate\\Routing\\ControllerDispatcher.php(45): Illuminate\\Routing\\Controller->callAction('handle', Array)
#21 D:\\OpenServer\\domains\\zholvar\\vendor\\laravel\\framework\\src\\Illuminate\\Routing\\Route.php(262): Illuminate\\Routing\\ControllerDispatcher->dispatch(Object(Illuminate\\Routing\\Route), Object(App\\Orchid\\Screens\\Parcels\\ParcelListScreen), 'handle')
#22 D:\\OpenServer\\domains\\zholvar\\vendor\\laravel\\framework\\src\\Illuminate\\Routing\\Route.php(205): Illuminate\\Routing\\Route->runController()
#23 D:\\OpenServer\\domains\\zholvar\\vendor\\laravel\\framework\\src\\Illuminate\\Routing\\Router.php(695): Illuminate\\Routing\\Route->run()
#24 D:\\OpenServer\\domains\\zholvar\\vendor\\laravel\\framework\\src\\Illuminate\\Pipeline\\Pipeline.php(128): Illuminate\\Routing\\Router->Illuminate\\Routing\\{closure}(Object(Illuminate\\Http\\Request))
#25 D:\\OpenServer\\domains\\zholvar\\vendor\\tabuna\\breadcrumbs\\src\\BreadcrumbsMiddleware.php(81): Illuminate\\Pipeline\\Pipeline->Illuminate\\Pipeline\\{closure}(Object(Illuminate\\Http\\Request))
#26 D:\\OpenServer\\domains\\zholvar\\vendor\\laravel\\framework\\src\\Illuminate\\Pipeline\\Pipeline.php(167): Tabuna\\Breadcrumbs\\BreadcrumbsMiddleware->handle(Object(Illuminate\\Http\\Request), Object(Closure))
#27 D:\\OpenServer\\domains\\zholvar\\vendor\\orchid\\platform\\src\\Platform\\Http\\Middleware\\Access.php(54): Illuminate\\Pipeline\\Pipeline->Illuminate\\Pipeline\\{closure}(Object(Illuminate\\Http\\Request))
#28 D:\\OpenServer\\domains\\zholvar\\vendor\\laravel\\framework\\src\\Illuminate\\Pipeline\\Pipeline.php(167): Orchid\\Platform\\Http\\Middleware\\Access->handle(Object(Illuminate\\Http\\Request), Object(Closure))
#29 D:\\OpenServer\\domains\\zholvar\\vendor\\orchid\\platform\\src\\Platform\\Http\\Middleware\\Turbo.php(41): Illuminate\\Pipeline\\Pipeline->Illuminate\\Pipeline\\{closure}(Object(Illuminate\\Http\\Request))
#30 D:\\OpenServer\\domains\\zholvar\\vendor\\laravel\\framework\\src\\Illuminate\\Pipeline\\Pipeline.php(167): Orchid\\Platform\\Http\\Middleware\\Turbo->handle(Object(Illuminate\\Http\\Request), Object(Closure))
#31 D:\\OpenServer\\domains\\zholvar\\vendor\\laravel\\framework\\src\\Illuminate\\Routing\\Middleware\\SubstituteBindings.php(50): Illuminate\\Pipeline\\Pipeline->Illuminate\\Pipeline\\{closure}(Object(Illuminate\\Http\\Request))
#32 D:\\OpenServer\\domains\\zholvar\\vendor\\laravel\\framework\\src\\Illuminate\\Pipeline\\Pipeline.php(167): Illuminate\\Routing\\Middleware\\SubstituteBindings->handle(Object(Illuminate\\Http\\Request), Object(Closure))
#33 D:\\OpenServer\\domains\\zholvar\\vendor\\laravel\\framework\\src\\Illuminate\\Foundation\\Http\\Middleware\\VerifyCsrfToken.php(78): Illuminate\\Pipeline\\Pipeline->Illuminate\\Pipeline\\{closure}(Object(Illuminate\\Http\\Request))
#34 D:\\OpenServer\\domains\\zholvar\\vendor\\laravel\\framework\\src\\Illuminate\\Pipeline\\Pipeline.php(167): Illuminate\\Foundation\\Http\\Middleware\\VerifyCsrfToken->handle(Object(Illuminate\\Http\\Request), Object(Closure))
#35 D:\\OpenServer\\domains\\zholvar\\vendor\\laravel\\framework\\src\\Illuminate\\View\\Middleware\\ShareErrorsFromSession.php(49): Illuminate\\Pipeline\\Pipeline->Illuminate\\Pipeline\\{closure}(Object(Illuminate\\Http\\Request))
#36 D:\\OpenServer\\domains\\zholvar\\vendor\\laravel\\framework\\src\\Illuminate\\Pipeline\\Pipeline.php(167): Illuminate\\View\\Middleware\\ShareErrorsFromSession->handle(Object(Illuminate\\Http\\Request), Object(Closure))
#37 D:\\OpenServer\\domains\\zholvar\\vendor\\laravel\\framework\\src\\Illuminate\\Session\\Middleware\\StartSession.php(121): Illuminate\\Pipeline\\Pipeline->Illuminate\\Pipeline\\{closure}(Object(Illuminate\\Http\\Request))
#38 D:\\OpenServer\\domains\\zholvar\\vendor\\laravel\\framework\\src\\Illuminate\\Session\\Middleware\\StartSession.php(64): Illuminate\\Session\\Middleware\\StartSession->handleStatefulRequest(Object(Illuminate\\Http\\Request), Object(Illuminate\\Session\\Store), Object(Closure))
#39 D:\\OpenServer\\domains\\zholvar\\vendor\\laravel\\framework\\src\\Illuminate\\Pipeline\\Pipeline.php(167): Illuminate\\Session\\Middleware\\StartSession->handle(Object(Illuminate\\Http\\Request), Object(Closure))
#40 D:\\OpenServer\\domains\\zholvar\\vendor\\laravel\\framework\\src\\Illuminate\\Cookie\\Middleware\\AddQueuedCookiesToResponse.php(37): Illuminate\\Pipeline\\Pipeline->Illuminate\\Pipeline\\{closure}(Object(Illuminate\\Http\\Request))
#41 D:\\OpenServer\\domains\\zholvar\\vendor\\laravel\\framework\\src\\Illuminate\\Pipeline\\Pipeline.php(167): Illuminate\\Cookie\\Middleware\\AddQueuedCookiesToResponse->handle(Object(Illuminate\\Http\\Request), Object(Closure))
#42 D:\\OpenServer\\domains\\zholvar\\vendor\\laravel\\framework\\src\\Illuminate\\Cookie\\Middleware\\EncryptCookies.php(67): Illuminate\\Pipeline\\Pipeline->Illuminate\\Pipeline\\{closure}(Object(Illuminate\\Http\\Request))
#43 D:\\OpenServer\\domains\\zholvar\\vendor\\laravel\\framework\\src\\Illuminate\\Pipeline\\Pipeline.php(167): Illuminate\\Cookie\\Middleware\\EncryptCookies->handle(Object(Illuminate\\Http\\Request), Object(Closure))
#44 D:\\OpenServer\\domains\\zholvar\\vendor\\laravel\\framework\\src\\Illuminate\\Pipeline\\Pipeline.php(103): Illuminate\\Pipeline\\Pipeline->Illuminate\\Pipeline\\{closure}(Object(Illuminate\\Http\\Request))
#45 D:\\OpenServer\\domains\\zholvar\\vendor\\laravel\\framework\\src\\Illuminate\\Routing\\Router.php(697): Illuminate\\Pipeline\\Pipeline->then(Object(Closure))
#46 D:\\OpenServer\\domains\\zholvar\\vendor\\laravel\\framework\\src\\Illuminate\\Routing\\Router.php(672): Illuminate\\Routing\\Router->runRouteWithinStack(Object(Illuminate\\Routing\\Route), Object(Illuminate\\Http\\Request))
#47 D:\\OpenServer\\domains\\zholvar\\vendor\\laravel\\framework\\src\\Illuminate\\Routing\\Router.php(636): Illuminate\\Routing\\Router->runRoute(Object(Illuminate\\Http\\Request), Object(Illuminate\\Routing\\Route))
#48 D:\\OpenServer\\domains\\zholvar\\vendor\\laravel\\framework\\src\\Illuminate\\Routing\\Router.php(625): Illuminate\\Routing\\Router->dispatchToRoute(Object(Illuminate\\Http\\Request))
#49 D:\\OpenServer\\domains\\zholvar\\vendor\\laravel\\framework\\src\\Illuminate\\Foundation\\Http\\Kernel.php(167): Illuminate\\Routing\\Router->dispatch(Object(Illuminate\\Http\\Request))
#50 D:\\OpenServer\\domains\\zholvar\\vendor\\laravel\\framework\\src\\Illuminate\\Pipeline\\Pipeline.php(128): Illuminate\\Foundation\\Http\\Kernel->Illuminate\\Foundation\\Http\\{closure}(Object(Illuminate\\Http\\Request))
#51 D:\\OpenServer\\domains\\zholvar\\vendor\\barryvdh\\laravel-debugbar\\src\\Middleware\\InjectDebugbar.php(67): Illuminate\\Pipeline\\Pipeline->Illuminate\\Pipeline\\{closure}(Object(Illuminate\\Http\\Request))
#52 D:\\OpenServer\\domains\\zholvar\\vendor\\laravel\\framework\\src\\Illuminate\\Pipeline\\Pipeline.php(167): Barryvdh\\Debugbar\\Middleware\\InjectDebugbar->handle(Object(Illuminate\\Http\\Request), Object(Closure))
#53 D:\\OpenServer\\domains\\zholvar\\vendor\\laravel\\framework\\src\\Illuminate\\Foundation\\Http\\Middleware\\TransformsRequest.php(21): Illuminate\\Pipeline\\Pipeline->Illuminate\\Pipeline\\{closure}(Object(Illuminate\\Http\\Request))
#54 D:\\OpenServer\\domains\\zholvar\\vendor\\laravel\\framework\\src\\Illuminate\\Foundation\\Http\\Middleware\\ConvertEmptyStringsToNull.php(31): Illuminate\\Foundation\\Http\\Middleware\\TransformsRequest->handle(Object(Illuminate\\Http\\Request), Object(Closure))
#55 D:\\OpenServer\\domains\\zholvar\\vendor\\laravel\\framework\\src\\Illuminate\\Pipeline\\Pipeline.php(167): Illuminate\\Foundation\\Http\\Middleware\\ConvertEmptyStringsToNull->handle(Object(Illuminate\\Http\\Request), Object(Closure))
#56 D:\\OpenServer\\domains\\zholvar\\vendor\\laravel\\framework\\src\\Illuminate\\Foundation\\Http\\Middleware\\TransformsRequest.php(21): Illuminate\\Pipeline\\Pipeline->Illuminate\\Pipeline\\{closure}(Object(Illuminate\\Http\\Request))
#57 D:\\OpenServer\\domains\\zholvar\\vendor\\laravel\\framework\\src\\Illuminate\\Foundation\\Http\\Middleware\\TrimStrings.php(40): Illuminate\\Foundation\\Http\\Middleware\\TransformsRequest->handle(Object(Illuminate\\Http\\Request), Object(Closure))
#58 D:\\OpenServer\\domains\\zholvar\\vendor\\laravel\\framework\\src\\Illuminate\\Pipeline\\Pipeline.php(167): Illuminate\\Foundation\\Http\\Middleware\\TrimStrings->handle(Object(Illuminate\\Http\\Request), Object(Closure))
#59 D:\\OpenServer\\domains\\zholvar\\vendor\\laravel\\framework\\src\\Illuminate\\Foundation\\Http\\Middleware\\ValidatePostSize.php(27): Illuminate\\Pipeline\\Pipeline->Illuminate\\Pipeline\\{closure}(Object(Illuminate\\Http\\Request))
#60 D:\\OpenServer\\domains\\zholvar\\vendor\\laravel\\framework\\src\\Illuminate\\Pipeline\\Pipeline.php(167): Illuminate\\Foundation\\Http\\Middleware\\ValidatePostSize->handle(Object(Illuminate\\Http\\Request), Object(Closure))
#61 D:\\OpenServer\\domains\\zholvar\\vendor\\laravel\\framework\\src\\Illuminate\\Foundation\\Http\\Middleware\\PreventRequestsDuringMaintenance.php(86): Illuminate\\Pipeline\\Pipeline->Illuminate\\Pipeline\\{closure}(Object(Illuminate\\Http\\Request))
#62 D:\\OpenServer\\domains\\zholvar\\vendor\\laravel\\framework\\src\\Illuminate\\Pipeline\\Pipeline.php(167): Illuminate\\Foundation\\Http\\Middleware\\PreventRequestsDuringMaintenance->handle(Object(Illuminate\\Http\\Request), Object(Closure))
#63 D:\\OpenServer\\domains\\zholvar\\vendor\\fruitcake\\laravel-cors\\src\\HandleCors.php(38): Illuminate\\Pipeline\\Pipeline->Illuminate\\Pipeline\\{closure}(Object(Illuminate\\Http\\Request))
#64 D:\\OpenServer\\domains\\zholvar\\vendor\\laravel\\framework\\src\\Illuminate\\Pipeline\\Pipeline.php(167): Fruitcake\\Cors\\HandleCors->handle(Object(Illuminate\\Http\\Request), Object(Closure))
#65 D:\\OpenServer\\domains\\zholvar\\vendor\\laravel\\framework\\src\\Illuminate\\Http\\Middleware\\TrustProxies.php(39): Illuminate\\Pipeline\\Pipeline->Illuminate\\Pipeline\\{closure}(Object(Illuminate\\Http\\Request))
#66 D:\\OpenServer\\domains\\zholvar\\vendor\\laravel\\framework\\src\\Illuminate\\Pipeline\\Pipeline.php(167): Illuminate\\Http\\Middleware\\TrustProxies->handle(Object(Illuminate\\Http\\Request), Object(Closure))
#67 D:\\OpenServer\\domains\\zholvar\\vendor\\laravel\\framework\\src\\Illuminate\\Pipeline\\Pipeline.php(103): Illuminate\\Pipeline\\Pipeline->Illuminate\\Pipeline\\{closure}(Object(Illuminate\\Http\\Request))
#68 D:\\OpenServer\\domains\\zholvar\\vendor\\laravel\\framework\\src\\Illuminate\\Foundation\\Http\\Kernel.php(142): Illuminate\\Pipeline\\Pipeline->then(Object(Closure))
#69 D:\\OpenServer\\domains\\zholvar\\vendor\\laravel\\framework\\src\\Illuminate\\Foundation\\Http\\Kernel.php(111): Illuminate\\Foundation\\Http\\Kernel->sendRequestThroughRouter(Object(Illuminate\\Http\\Request))
#70 D:\\OpenServer\\domains\\zholvar\\public\\index.php(52): Illuminate\\Foundation\\Http\\Kernel->handle(Object(Illuminate\\Http\\Request))
#71 {main}

[previous exception] [object] (PDOException(code: 23000): SQLSTATE[23000]: Integrity constraint violation: 1452 Cannot add or update a child row: a foreign key constraint fails (`zholvar`.`parcels`, CONSTRAINT `parcels_packagerecepient_id_foreign` FOREIGN KEY (`packagerecepient_id`) REFERENCES `package_recepients` (`id`) ON UPDATE CASCADE) at D:\\OpenServer\\domains\\zholvar\\vendor\\laravel\\framework\\src\\Illuminate\\Database\\Connection.php:492)
[stacktrace]
#0 D:\\OpenServer\\domains\\zholvar\\vendor\\laravel\\framework\\src\\Illuminate\\Database\\Connection.php(492): PDOStatement->execute()
#1 D:\\OpenServer\\domains\\zholvar\\vendor\\laravel\\framework\\src\\Illuminate\\Database\\Connection.php(696): Illuminate\\Database\\Connection->Illuminate\\Database\\{closure}('insert into `pa...', Array)
#2 D:\\OpenServer\\domains\\zholvar\\vendor\\laravel\\framework\\src\\Illuminate\\Database\\Connection.php(663): Illuminate\\Database\\Connection->runQueryCallback('insert into `pa...', Array, Object(Closure))
#3 D:\\OpenServer\\domains\\zholvar\\vendor\\laravel\\framework\\src\\Illuminate\\Database\\Connection.php(493): Illuminate\\Database\\Connection->run('insert into `pa...', Array, Object(Closure))
#4 D:\\OpenServer\\domains\\zholvar\\vendor\\laravel\\framework\\src\\Illuminate\\Database\\Connection.php(445): Illuminate\\Database\\Connection->statement('insert into `pa...', Array)
#5 D:\\OpenServer\\domains\\zholvar\\vendor\\laravel\\framework\\src\\Illuminate\\Database\\Query\\Processors\\Processor.php(32): Illuminate\\Database\\Connection->insert('insert into `pa...', Array)
#6 D:\\OpenServer\\domains\\zholvar\\vendor\\laravel\\framework\\src\\Illuminate\\Database\\Query\\Builder.php(2965): Illuminate\\Database\\Query\\Processors\\Processor->processInsertGetId(Object(Illuminate\\Database\\Query\\Builder), 'insert into `pa...', Array, 'id')
#7 D:\\OpenServer\\domains\\zholvar\\vendor\\laravel\\framework\\src\\Illuminate\\Database\\Eloquent\\Builder.php(1641): Illuminate\\Database\\Query\\Builder->insertGetId(Array, 'id')
#8 D:\\OpenServer\\domains\\zholvar\\vendor\\laravel\\framework\\src\\Illuminate\\Database\\Eloquent\\Model.php(1188): Illuminate\\Database\\Eloquent\\Builder->__call('insertGetId', Array)
#9 D:\\OpenServer\\domains\\zholvar\\vendor\\laravel\\framework\\src\\Illuminate\\Database\\Eloquent\\Model.php(1153): Illuminate\\Database\\Eloquent\\Model->insertAndSetId(Object(Illuminate\\Database\\Eloquent\\Builder), Array)
#10 D:\\OpenServer\\domains\\zholvar\\vendor\\laravel\\framework\\src\\Illuminate\\Database\\Eloquent\\Model.php(994): Illuminate\\Database\\Eloquent\\Model->performInsert(Object(Illuminate\\Database\\Eloquent\\Builder))
#11 D:\\OpenServer\\domains\\zholvar\\vendor\\laravel\\framework\\src\\Illuminate\\Database\\Eloquent\\Builder.php(884): Illuminate\\Database\\Eloquent\\Model->save()
#12 D:\\OpenServer\\domains\\zholvar\\vendor\\laravel\\framework\\src\\Illuminate\\Support\\helpers.php(263): Illuminate\\Database\\Eloquent\\Builder->Illuminate\\Database\\Eloquent\\{closure}(Object(App\\Models\\Parcels\\Parcel))
#13 D:\\OpenServer\\domains\\zholvar\\vendor\\laravel\\framework\\src\\Illuminate\\Database\\Eloquent\\Builder.php(885): tap(Object(App\\Models\\Parcels\\Parcel), Object(Closure))
#14 D:\\OpenServer\\domains\\zholvar\\vendor\\laravel\\framework\\src\\Illuminate\\Support\\Traits\\ForwardsCalls.php(23): Illuminate\\Database\\Eloquent\\Builder->create(Array)
#15 D:\\OpenServer\\domains\\zholvar\\vendor\\laravel\\framework\\src\\Illuminate\\Database\\Eloquent\\Model.php(2117): Illuminate\\Database\\Eloquent\\Model->forwardCallTo(Object(Illuminate\\Database\\Eloquent\\Builder), 'create', Array)
#16 D:\\OpenServer\\domains\\zholvar\\vendor\\laravel\\framework\\src\\Illuminate\\Database\\Eloquent\\Model.php(2129): Illuminate\\Database\\Eloquent\\Model->__call('create', Array)
#17 D:\\OpenServer\\domains\\zholvar\\app\\Orchid\\Screens\\Parcels\\ParcelListScreen.php(141): Illuminate\\Database\\Eloquent\\Model::__callStatic('create', Array)
#18 [internal function]: App\\Orchid\\Screens\\Parcels\\ParcelListScreen->create(Object(Illuminate\\Http\\Request))
#19 D:\\OpenServer\\domains\\zholvar\\vendor\\orchid\\platform\\src\\Screen\\Screen.php(310): call_user_func_array(Array, Array)
#20 D:\\OpenServer\\domains\\zholvar\\vendor\\orchid\\platform\\src\\Screen\\Screen.php(178): Orchid\\Screen\\Screen->callMethod('create', Array)
#21 D:\\OpenServer\\domains\\zholvar\\vendor\\laravel\\framework\\src\\Illuminate\\Routing\\Controller.php(54): Orchid\\Screen\\Screen->handle('create')
#22 D:\\OpenServer\\domains\\zholvar\\vendor\\laravel\\framework\\src\\Illuminate\\Routing\\ControllerDispatcher.php(45): Illuminate\\Routing\\Controller->callAction('handle', Array)
#23 D:\\OpenServer\\domains\\zholvar\\vendor\\laravel\\framework\\src\\Illuminate\\Routing\\Route.php(262): Illuminate\\Routing\\ControllerDispatcher->dispatch(Object(Illuminate\\Routing\\Route), Object(App\\Orchid\\Screens\\Parcels\\ParcelListScreen), 'handle')
#24 D:\\OpenServer\\domains\\zholvar\\vendor\\laravel\\framework\\src\\Illuminate\\Routing\\Route.php(205): Illuminate\\Routing\\Route->runController()
#25 D:\\OpenServer\\domains\\zholvar\\vendor\\laravel\\framework\\src\\Illuminate\\Routing\\Router.php(695): Illuminate\\Routing\\Route->run()
#26 D:\\OpenServer\\domains\\zholvar\\vendor\\laravel\\framework\\src\\Illuminate\\Pipeline\\Pipeline.php(128): Illuminate\\Routing\\Router->Illuminate\\Routing\\{closure}(Object(Illuminate\\Http\\Request))
#27 D:\\OpenServer\\domains\\zholvar\\vendor\\tabuna\\breadcrumbs\\src\\BreadcrumbsMiddleware.php(81): Illuminate\\Pipeline\\Pipeline->Illuminate\\Pipeline\\{closure}(Object(Illuminate\\Http\\Request))
#28 D:\\OpenServer\\domains\\zholvar\\vendor\\laravel\\framework\\src\\Illuminate\\Pipeline\\Pipeline.php(167): Tabuna\\Breadcrumbs\\BreadcrumbsMiddleware->handle(Object(Illuminate\\Http\\Request), Object(Closure))
#29 D:\\OpenServer\\domains\\zholvar\\vendor\\orchid\\platform\\src\\Platform\\Http\\Middleware\\Access.php(54): Illuminate\\Pipeline\\Pipeline->Illuminate\\Pipeline\\{closure}(Object(Illuminate\\Http\\Request))
#30 D:\\OpenServer\\domains\\zholvar\\vendor\\laravel\\framework\\src\\Illuminate\\Pipeline\\Pipeline.php(167): Orchid\\Platform\\Http\\Middleware\\Access->handle(Object(Illuminate\\Http\\Request), Object(Closure))
#31 D:\\OpenServer\\domains\\zholvar\\vendor\\orchid\\platform\\src\\Platform\\Http\\Middleware\\Turbo.php(41): Illuminate\\Pipeline\\Pipeline->Illuminate\\Pipeline\\{closure}(Object(Illuminate\\Http\\Request))
#32 D:\\OpenServer\\domains\\zholvar\\vendor\\laravel\\framework\\src\\Illuminate\\Pipeline\\Pipeline.php(167): Orchid\\Platform\\Http\\Middleware\\Turbo->handle(Object(Illuminate\\Http\\Request), Object(Closure))
#33 D:\\OpenServer\\domains\\zholvar\\vendor\\laravel\\framework\\src\\Illuminate\\Routing\\Middleware\\SubstituteBindings.php(50): Illuminate\\Pipeline\\Pipeline->Illuminate\\Pipeline\\{closure}(Object(Illuminate\\Http\\Request))
#34 D:\\OpenServer\\domains\\zholvar\\vendor\\laravel\\framework\\src\\Illuminate\\Pipeline\\Pipeline.php(167): Illuminate\\Routing\\Middleware\\SubstituteBindings->handle(Object(Illuminate\\Http\\Request), Object(Closure))
#35 D:\\OpenServer\\domains\\zholvar\\vendor\\laravel\\framework\\src\\Illuminate\\Foundation\\Http\\Middleware\\VerifyCsrfToken.php(78): Illuminate\\Pipeline\\Pipeline->Illuminate\\Pipeline\\{closure}(Object(Illuminate\\Http\\Request))
#36 D:\\OpenServer\\domains\\zholvar\\vendor\\laravel\\framework\\src\\Illuminate\\Pipeline\\Pipeline.php(167): Illuminate\\Foundation\\Http\\Middleware\\VerifyCsrfToken->handle(Object(Illuminate\\Http\\Request), Object(Closure))
#37 D:\\OpenServer\\domains\\zholvar\\vendor\\laravel\\framework\\src\\Illuminate\\View\\Middleware\\ShareErrorsFromSession.php(49): Illuminate\\Pipeline\\Pipeline->Illuminate\\Pipeline\\{closure}(Object(Illuminate\\Http\\Request))
#38 D:\\OpenServer\\domains\\zholvar\\vendor\\laravel\\framework\\src\\Illuminate\\Pipeline\\Pipeline.php(167): Illuminate\\View\\Middleware\\ShareErrorsFromSession->handle(Object(Illuminate\\Http\\Request), Object(Closure))
#39 D:\\OpenServer\\domains\\zholvar\\vendor\\laravel\\framework\\src\\Illuminate\\Session\\Middleware\\StartSession.php(121): Illuminate\\Pipeline\\Pipeline->Illuminate\\Pipeline\\{closure}(Object(Illuminate\\Http\\Request))
#40 D:\\OpenServer\\domains\\zholvar\\vendor\\laravel\\framework\\src\\Illuminate\\Session\\Middleware\\StartSession.php(64): Illuminate\\Session\\Middleware\\StartSession->handleStatefulRequest(Object(Illuminate\\Http\\Request), Object(Illuminate\\Session\\Store), Object(Closure))
#41 D:\\OpenServer\\domains\\zholvar\\vendor\\laravel\\framework\\src\\Illuminate\\Pipeline\\Pipeline.php(167): Illuminate\\Session\\Middleware\\StartSession->handle(Object(Illuminate\\Http\\Request), Object(Closure))
#42 D:\\OpenServer\\domains\\zholvar\\vendor\\laravel\\framework\\src\\Illuminate\\Cookie\\Middleware\\AddQueuedCookiesToResponse.php(37): Illuminate\\Pipeline\\Pipeline->Illuminate\\Pipeline\\{closure}(Object(Illuminate\\Http\\Request))
#43 D:\\OpenServer\\domains\\zholvar\\vendor\\laravel\\framework\\src\\Illuminate\\Pipeline\\Pipeline.php(167): Illuminate\\Cookie\\Middleware\\AddQueuedCookiesToResponse->handle(Object(Illuminate\\Http\\Request), Object(Closure))
#44 D:\\OpenServer\\domains\\zholvar\\vendor\\laravel\\framework\\src\\Illuminate\\Cookie\\Middleware\\EncryptCookies.php(67): Illuminate\\Pipeline\\Pipeline->Illuminate\\Pipeline\\{closure}(Object(Illuminate\\Http\\Request))
#45 D:\\OpenServer\\domains\\zholvar\\vendor\\laravel\\framework\\src\\Illuminate\\Pipeline\\Pipeline.php(167): Illuminate\\Cookie\\Middleware\\EncryptCookies->handle(Object(Illuminate\\Http\\Request), Object(Closure))
#46 D:\\OpenServer\\domains\\zholvar\\vendor\\laravel\\framework\\src\\Illuminate\\Pipeline\\Pipeline.php(103): Illuminate\\Pipeline\\Pipeline->Illuminate\\Pipeline\\{closure}(Object(Illuminate\\Http\\Request))
#47 D:\\OpenServer\\domains\\zholvar\\vendor\\laravel\\framework\\src\\Illuminate\\Routing\\Router.php(697): Illuminate\\Pipeline\\Pipeline->then(Object(Closure))
#48 D:\\OpenServer\\domains\\zholvar\\vendor\\laravel\\framework\\src\\Illuminate\\Routing\\Router.php(672): Illuminate\\Routing\\Router->runRouteWithinStack(Object(Illuminate\\Routing\\Route), Object(Illuminate\\Http\\Request))
#49 D:\\OpenServer\\domains\\zholvar\\vendor\\laravel\\framework\\src\\Illuminate\\Routing\\Router.php(636): Illuminate\\Routing\\Router->runRoute(Object(Illuminate\\Http\\Request), Object(Illuminate\\Routing\\Route))
#50 D:\\OpenServer\\domains\\zholvar\\vendor\\laravel\\framework\\src\\Illuminate\\Routing\\Router.php(625): Illuminate\\Routing\\Router->dispatchToRoute(Object(Illuminate\\Http\\Request))
#51 D:\\OpenServer\\domains\\zholvar\\vendor\\laravel\\framework\\src\\Illuminate\\Foundation\\Http\\Kernel.php(167): Illuminate\\Routing\\Router->dispatch(Object(Illuminate\\Http\\Request))
#52 D:\\OpenServer\\domains\\zholvar\\vendor\\laravel\\framework\\src\\Illuminate\\Pipeline\\Pipeline.php(128): Illuminate\\Foundation\\Http\\Kernel->Illuminate\\Foundation\\Http\\{closure}(Object(Illuminate\\Http\\Request))
#53 D:\\OpenServer\\domains\\zholvar\\vendor\\barryvdh\\laravel-debugbar\\src\\Middleware\\InjectDebugbar.php(67): Illuminate\\Pipeline\\Pipeline->Illuminate\\Pipeline\\{closure}(Object(Illuminate\\Http\\Request))
#54 D:\\OpenServer\\domains\\zholvar\\vendor\\laravel\\framework\\src\\Illuminate\\Pipeline\\Pipeline.php(167): Barryvdh\\Debugbar\\Middleware\\InjectDebugbar->handle(Object(Illuminate\\Http\\Request), Object(Closure))
#55 D:\\OpenServer\\domains\\zholvar\\vendor\\laravel\\framework\\src\\Illuminate\\Foundation\\Http\\Middleware\\TransformsRequest.php(21): Illuminate\\Pipeline\\Pipeline->Illuminate\\Pipeline\\{closure}(Object(Illuminate\\Http\\Request))
#56 D:\\OpenServer\\domains\\zholvar\\vendor\\laravel\\framework\\src\\Illuminate\\Foundation\\Http\\Middleware\\ConvertEmptyStringsToNull.php(31): Illuminate\\Foundation\\Http\\Middleware\\TransformsRequest->handle(Object(Illuminate\\Http\\Request), Object(Closure))
#57 D:\\OpenServer\\domains\\zholvar\\vendor\\laravel\\framework\\src\\Illuminate\\Pipeline\\Pipeline.php(167): Illuminate\\Foundation\\Http\\Middleware\\ConvertEmptyStringsToNull->handle(Object(Illuminate\\Http\\Request), Object(Closure))
#58 D:\\OpenServer\\domains\\zholvar\\vendor\\laravel\\framework\\src\\Illuminate\\Foundation\\Http\\Middleware\\TransformsRequest.php(21): Illuminate\\Pipeline\\Pipeline->Illuminate\\Pipeline\\{closure}(Object(Illuminate\\Http\\Request))
#59 D:\\OpenServer\\domains\\zholvar\\vendor\\laravel\\framework\\src\\Illuminate\\Foundation\\Http\\Middleware\\TrimStrings.php(40): Illuminate\\Foundation\\Http\\Middleware\\TransformsRequest->handle(Object(Illuminate\\Http\\Request), Object(Closure))
#60 D:\\OpenServer\\domains\\zholvar\\vendor\\laravel\\framework\\src\\Illuminate\\Pipeline\\Pipeline.php(167): Illuminate\\Foundation\\Http\\Middleware\\TrimStrings->handle(Object(Illuminate\\Http\\Request), Object(Closure))
#61 D:\\OpenServer\\domains\\zholvar\\vendor\\laravel\\framework\\src\\Illuminate\\Foundation\\Http\\Middleware\\ValidatePostSize.php(27): Illuminate\\Pipeline\\Pipeline->Illuminate\\Pipeline\\{closure}(Object(Illuminate\\Http\\Request))
#62 D:\\OpenServer\\domains\\zholvar\\vendor\\laravel\\framework\\src\\Illuminate\\Pipeline\\Pipeline.php(167): Illuminate\\Foundation\\Http\\Middleware\\ValidatePostSize->handle(Object(Illuminate\\Http\\Request), Object(Closure))
#63 D:\\OpenServer\\domains\\zholvar\\vendor\\laravel\\framework\\src\\Illuminate\\Foundation\\Http\\Middleware\\PreventRequestsDuringMaintenance.php(86): Illuminate\\Pipeline\\Pipeline->Illuminate\\Pipeline\\{closure}(Object(Illuminate\\Http\\Request))
#64 D:\\OpenServer\\domains\\zholvar\\vendor\\laravel\\framework\\src\\Illuminate\\Pipeline\\Pipeline.php(167): Illuminate\\Foundation\\Http\\Middleware\\PreventRequestsDuringMaintenance->handle(Object(Illuminate\\Http\\Request), Object(Closure))
#65 D:\\OpenServer\\domains\\zholvar\\vendor\\fruitcake\\laravel-cors\\src\\HandleCors.php(38): Illuminate\\Pipeline\\Pipeline->Illuminate\\Pipeline\\{closure}(Object(Illuminate\\Http\\Request))
#66 D:\\OpenServer\\domains\\zholvar\\vendor\\laravel\\framework\\src\\Illuminate\\Pipeline\\Pipeline.php(167): Fruitcake\\Cors\\HandleCors->handle(Object(Illuminate\\Http\\Request), Object(Closure))
#67 D:\\OpenServer\\domains\\zholvar\\vendor\\laravel\\framework\\src\\Illuminate\\Http\\Middleware\\TrustProxies.php(39): Illuminate\\Pipeline\\Pipeline->Illuminate\\Pipeline\\{closure}(Object(Illuminate\\Http\\Request))
#68 D:\\OpenServer\\domains\\zholvar\\vendor\\laravel\\framework\\src\\Illuminate\\Pipeline\\Pipeline.php(167): Illuminate\\Http\\Middleware\\TrustProxies->handle(Object(Illuminate\\Http\\Request), Object(Closure))
#69 D:\\OpenServer\\domains\\zholvar\\vendor\\laravel\\framework\\src\\Illuminate\\Pipeline\\Pipeline.php(103): Illuminate\\Pipeline\\Pipeline->Illuminate\\Pipeline\\{closure}(Object(Illuminate\\Http\\Request))
#70 D:\\OpenServer\\domains\\zholvar\\vendor\\laravel\\framework\\src\\Illuminate\\Foundation\\Http\\Kernel.php(142): Illuminate\\Pipeline\\Pipeline->then(Object(Closure))
#71 D:\\OpenServer\\domains\\zholvar\\vendor\\laravel\\framework\\src\\Illuminate\\Foundation\\Http\\Kernel.php(111): Illuminate\\Foundation\\Http\\Kernel->sendRequestThroughRouter(Object(Illuminate\\Http\\Request))
#72 D:\\OpenServer\\domains\\zholvar\\public\\index.php(52): Illuminate\\Foundation\\Http\\Kernel->handle(Object(Illuminate\\Http\\Request))
#73 {main}
"} 
